2021-10-18 16:55:26.661  INFO 29296 --- [main] com.revature.Micro.MicroApplication      : Starting MicroApplication using Java 1.8.0_301 on Donalds-Desktop with PID 29296 (D:\IntelliJ\IntelliJ IDEA Community Edition 2021.1.3\Micro\Micro\target\classes started by Julia in D:\IntelliJ\IntelliJ IDEA Community Edition 2021.1.3\Micro)
2021-10-18 16:55:26.663  INFO 29296 --- [main] com.revature.Micro.MicroApplication      : No active profile set, falling back to default profiles: default
2021-10-18 16:55:27.645  INFO 29296 --- [main] .s.d.r.c.RepositoryConfigurationDelegate : Bootstrapping Spring Data JPA repositories in DEFAULT mode.
2021-10-18 16:55:27.734  INFO 29296 --- [main] .s.d.r.c.RepositoryConfigurationDelegate : Finished Spring Data repository scanning in 78 ms. Found 2 JPA repository interfaces.
2021-10-18 16:55:28.499  INFO 29296 --- [main] o.s.b.w.embedded.tomcat.TomcatWebServer  : Tomcat initialized with port(s): 8082 (http)
2021-10-18 16:55:28.508  INFO 29296 --- [main] o.apache.catalina.core.StandardService   : Starting service [Tomcat]
2021-10-18 16:55:28.508  INFO 29296 --- [main] org.apache.catalina.core.StandardEngine  : Starting Servlet engine: [Apache Tomcat/9.0.53]
2021-10-18 16:55:28.607  INFO 29296 --- [main] o.a.c.c.C.[Tomcat].[localhost].[/]       : Initializing Spring embedded WebApplicationContext
2021-10-18 16:55:28.608  INFO 29296 --- [main] w.s.c.ServletWebServerApplicationContext : Root WebApplicationContext: initialization completed in 1897 ms
2021-10-18 16:55:28.699  INFO 29296 --- [main] com.zaxxer.hikari.HikariDataSource       : HikariPool-1 - Starting...
2021-10-18 16:55:28.948  INFO 29296 --- [main] com.zaxxer.hikari.HikariDataSource       : HikariPool-1 - Start completed.
2021-10-18 16:55:28.955  INFO 29296 --- [main] o.s.b.a.h2.H2ConsoleAutoConfiguration    : H2 console available at '/h2-console'. Database available at 'jdbc:h2:file:~/microblog'
2021-10-18 16:55:29.145  INFO 29296 --- [main] o.hibernate.jpa.internal.util.LogHelper  : HHH000204: Processing PersistenceUnitInfo [name: default]
2021-10-18 16:55:29.199  INFO 29296 --- [main] org.hibernate.Version                    : HHH000412: Hibernate ORM core version 5.4.32.Final
2021-10-18 16:55:29.336  INFO 29296 --- [main] o.hibernate.annotations.common.Version   : HCANN000001: Hibernate Commons Annotations {5.1.2.Final}
2021-10-18 16:55:29.450  INFO 29296 --- [main] org.hibernate.dialect.Dialect            : HHH000400: Using dialect: org.hibernate.dialect.H2Dialect
2021-10-18 16:55:30.062  INFO 29296 --- [main] o.h.e.t.j.p.i.JtaPlatformInitiator       : HHH000490: Using JtaPlatform implementation: [org.hibernate.engine.transaction.jta.platform.internal.NoJtaPlatform]
2021-10-18 16:55:30.071  INFO 29296 --- [main] j.LocalContainerEntityManagerFactoryBean : Initialized JPA EntityManagerFactory for persistence unit 'default'
2021-10-18 16:55:30.581  WARN 29296 --- [main] JpaBaseConfiguration$JpaWebConfiguration : spring.jpa.open-in-view is enabled by default. Therefore, database queries may be performed during view rendering. Explicitly configure spring.jpa.open-in-view to disable this warning
2021-10-18 16:55:31.302  INFO 29296 --- [main] o.s.b.a.e.web.EndpointLinksResolver      : Exposing 2 endpoint(s) beneath base path '/actuator'
2021-10-18 16:55:31.321  INFO 29296 --- [main] o.s.s.web.DefaultSecurityFilterChain     : Will secure any request with [org.springframework.security.web.context.request.async.WebAsyncManagerIntegrationFilter@702cfbde, org.springframework.security.web.context.SecurityContextPersistenceFilter@50672905, org.springframework.security.web.header.HeaderWriterFilter@70c31b17, org.springframework.web.filter.CorsFilter@7d3bcd3, org.springframework.security.web.authentication.logout.LogoutFilter@1da5c19d, com.revature.Micro.filters.JwtRequestFilter@ba562e0, org.springframework.security.web.savedrequest.RequestCacheAwareFilter@58f290bc, org.springframework.security.web.servletapi.SecurityContextHolderAwareRequestFilter@5a7e81, org.springframework.security.web.authentication.AnonymousAuthenticationFilter@5dce5c03, org.springframework.security.web.session.SessionManagementFilter@11015ca0, org.springframework.security.web.access.ExceptionTranslationFilter@4fdac2a7, org.springframework.security.web.access.intercept.FilterSecurityInterceptor@5dd3727c]
2021-10-18 16:55:31.573  INFO 29296 --- [main] o.s.b.w.embedded.tomcat.TomcatWebServer  : Tomcat started on port(s): 8082 (http) with context path ''
2021-10-18 16:55:31.585  INFO 29296 --- [main] com.revature.Micro.MicroApplication      : Started MicroApplication in 5.409 seconds (JVM running for 6.263)
2021-10-18 16:57:00.433  INFO 29296 --- [http-nio-8082-exec-1] o.a.c.c.C.[Tomcat].[localhost].[/]       : Initializing Spring DispatcherServlet 'dispatcherServlet'
2021-10-18 16:57:00.434  INFO 29296 --- [http-nio-8082-exec-1] o.s.web.servlet.DispatcherServlet        : Initializing Servlet 'dispatcherServlet'
2021-10-18 16:57:00.435  INFO 29296 --- [http-nio-8082-exec-1] o.s.web.servlet.DispatcherServlet        : Completed initialization in 1 ms
2021-10-18 16:57:00.533  INFO 29296 --- [http-nio-8082-exec-2] c.r.Micro.controller.UserController      : User attempting to login.
2021-10-18 16:57:00.533  INFO 29296 --- [http-nio-8082-exec-2] com.revature.Micro.service.UserService   : verifying user
2021-10-18 16:57:00.593  INFO 29296 --- [http-nio-8082-exec-2] c.r.M.service.MicroUserDetailsService    : Load user information
2021-10-18 16:57:00.785  INFO 29296 --- [http-nio-8082-exec-2] c.r.M.service.MicroUserDetailsService    : Load user information
2021-10-18 16:57:01.085  INFO 29296 --- [http-nio-8082-exec-6] c.r.M.service.MicroUserDetailsService    : Load user information
2021-10-18 16:57:01.085  INFO 29296 --- [http-nio-8082-exec-5] c.r.M.service.MicroUserDetailsService    : Load user information
2021-10-18 16:57:13.016  INFO 29296 --- [http-nio-8082-exec-7] c.r.M.service.MicroUserDetailsService    : Load user information
2021-10-18 16:57:18.682  INFO 29296 --- [http-nio-8082-exec-9] c.r.M.service.MicroUserDetailsService    : Load user information
2021-10-18 16:57:25.567  INFO 29296 --- [http-nio-8082-exec-10] c.r.Micro.controller.UserController      : User attempting to login.
2021-10-18 16:57:25.567  INFO 29296 --- [http-nio-8082-exec-10] com.revature.Micro.service.UserService   : verifying user
2021-10-18 16:57:25.568  INFO 29296 --- [http-nio-8082-exec-10] c.r.M.service.MicroUserDetailsService    : Load user information
2021-10-18 16:57:25.624  INFO 29296 --- [http-nio-8082-exec-10] c.r.M.service.MicroUserDetailsService    : Load user information
2021-10-18 16:57:25.639  INFO 29296 --- [http-nio-8082-exec-1] c.r.M.service.MicroUserDetailsService    : Load user information
2021-10-18 16:57:25.639  INFO 29296 --- [http-nio-8082-exec-2] c.r.M.service.MicroUserDetailsService    : Load user information
2021-10-18 16:58:03.225  INFO 29296 --- [http-nio-8082-exec-3] c.r.M.service.MicroUserDetailsService    : Load user information
2021-10-18 16:58:10.530  INFO 29296 --- [http-nio-8082-exec-6] c.r.M.service.MicroUserDetailsService    : Load user information
2021-10-18 16:58:10.530  INFO 29296 --- [http-nio-8082-exec-4] c.r.M.service.MicroUserDetailsService    : Load user information
2021-10-18 16:58:15.898  INFO 29296 --- [http-nio-8082-exec-5] c.r.M.service.MicroUserDetailsService    : Load user information
2021-10-18 16:58:27.991  INFO 29296 --- [http-nio-8082-exec-7] c.r.M.service.MicroUserDetailsService    : Load user information
2021-10-18 16:58:30.475  INFO 29296 --- [http-nio-8082-exec-8] c.r.M.service.MicroUserDetailsService    : Load user information
2021-10-18 17:11:15.907  INFO 29296 --- [http-nio-8082-exec-4] c.r.M.service.MicroUserDetailsService    : Load user information
2021-10-18 19:47:12.459  INFO 29296 --- [http-nio-8082-exec-7] c.r.M.service.MicroUserDetailsService    : Load user information
2021-10-18 19:49:06.861  INFO 29296 --- [http-nio-8082-exec-10] c.r.Micro.controller.UserController      : User attempting to login.
2021-10-18 19:49:06.862  INFO 29296 --- [http-nio-8082-exec-10] com.revature.Micro.service.UserService   : verifying user
2021-10-18 19:49:06.862  INFO 29296 --- [http-nio-8082-exec-10] c.r.M.service.MicroUserDetailsService    : Load user information
2021-10-18 19:49:06.922 ERROR 29296 --- [http-nio-8082-exec-10] com.revature.Micro.service.UserService   : Credentials not recognized during authentication

org.springframework.security.authentication.BadCredentialsException: Bad credentials
	at org.springframework.security.authentication.dao.DaoAuthenticationProvider.additionalAuthenticationChecks(DaoAuthenticationProvider.java:79) ~[spring-security-core-5.5.2.jar:5.5.2]
	at org.springframework.security.authentication.dao.AbstractUserDetailsAuthenticationProvider.authenticate(AbstractUserDetailsAuthenticationProvider.java:147) ~[spring-security-core-5.5.2.jar:5.5.2]
	at org.springframework.security.authentication.ProviderManager.authenticate(ProviderManager.java:182) ~[spring-security-core-5.5.2.jar:5.5.2]
	at org.springframework.security.authentication.ProviderManager.authenticate(ProviderManager.java:201) ~[spring-security-core-5.5.2.jar:5.5.2]
	at org.springframework.security.config.annotation.web.configuration.WebSecurityConfigurerAdapter$AuthenticationManagerDelegator.authenticate(WebSecurityConfigurerAdapter.java:510) ~[spring-security-config-5.5.2.jar:5.5.2]
	at com.revature.Micro.service.UserService.authenticate(UserService.java:49) ~[classes/:na]
	at com.revature.Micro.controller.UserController.createAuthenticateToken(UserController.java:41) [classes/:na]
	at sun.reflect.NativeMethodAccessorImpl.invoke0(Native Method) ~[na:1.8.0_301]
	at sun.reflect.NativeMethodAccessorImpl.invoke(NativeMethodAccessorImpl.java:62) ~[na:1.8.0_301]
	at sun.reflect.DelegatingMethodAccessorImpl.invoke(DelegatingMethodAccessorImpl.java:43) ~[na:1.8.0_301]
	at java.lang.reflect.Method.invoke(Method.java:498) ~[na:1.8.0_301]
	at org.springframework.web.method.support.InvocableHandlerMethod.doInvoke(InvocableHandlerMethod.java:205) [spring-web-5.3.10.jar:5.3.10]
	at org.springframework.web.method.support.InvocableHandlerMethod.invokeForRequest(InvocableHandlerMethod.java:150) [spring-web-5.3.10.jar:5.3.10]
	at org.springframework.web.servlet.mvc.method.annotation.ServletInvocableHandlerMethod.invokeAndHandle(ServletInvocableHandlerMethod.java:117) [spring-webmvc-5.3.10.jar:5.3.10]
	at org.springframework.web.servlet.mvc.method.annotation.RequestMappingHandlerAdapter.invokeHandlerMethod(RequestMappingHandlerAdapter.java:895) [spring-webmvc-5.3.10.jar:5.3.10]
	at org.springframework.web.servlet.mvc.method.annotation.RequestMappingHandlerAdapter.handleInternal(RequestMappingHandlerAdapter.java:808) [spring-webmvc-5.3.10.jar:5.3.10]
	at org.springframework.web.servlet.mvc.method.AbstractHandlerMethodAdapter.handle(AbstractHandlerMethodAdapter.java:87) [spring-webmvc-5.3.10.jar:5.3.10]
	at org.springframework.web.servlet.DispatcherServlet.doDispatch(DispatcherServlet.java:1067) [spring-webmvc-5.3.10.jar:5.3.10]
	at org.springframework.web.servlet.DispatcherServlet.doService(DispatcherServlet.java:963) [spring-webmvc-5.3.10.jar:5.3.10]
	at org.springframework.web.servlet.FrameworkServlet.processRequest(FrameworkServlet.java:1006) [spring-webmvc-5.3.10.jar:5.3.10]
	at org.springframework.web.servlet.FrameworkServlet.doPost(FrameworkServlet.java:909) [spring-webmvc-5.3.10.jar:5.3.10]
	at javax.servlet.http.HttpServlet.service(HttpServlet.java:681) [tomcat-embed-core-9.0.53.jar:4.0.FR]
	at org.springframework.web.servlet.FrameworkServlet.service(FrameworkServlet.java:883) [spring-webmvc-5.3.10.jar:5.3.10]
	at javax.servlet.http.HttpServlet.service(HttpServlet.java:764) [tomcat-embed-core-9.0.53.jar:4.0.FR]
	at org.apache.catalina.core.ApplicationFilterChain.internalDoFilter(ApplicationFilterChain.java:227) [tomcat-embed-core-9.0.53.jar:9.0.53]
	at org.apache.catalina.core.ApplicationFilterChain.doFilter(ApplicationFilterChain.java:162) [tomcat-embed-core-9.0.53.jar:9.0.53]
	at org.apache.tomcat.websocket.server.WsFilter.doFilter(WsFilter.java:53) [tomcat-embed-websocket-9.0.53.jar:9.0.53]
	at org.apache.catalina.core.ApplicationFilterChain.internalDoFilter(ApplicationFilterChain.java:189) [tomcat-embed-core-9.0.53.jar:9.0.53]
	at org.apache.catalina.core.ApplicationFilterChain.doFilter(ApplicationFilterChain.java:162) [tomcat-embed-core-9.0.53.jar:9.0.53]
	at org.springframework.web.filter.OncePerRequestFilter.doFilter(OncePerRequestFilter.java:113) [spring-web-5.3.10.jar:5.3.10]
	at org.apache.catalina.core.ApplicationFilterChain.internalDoFilter(ApplicationFilterChain.java:189) [tomcat-embed-core-9.0.53.jar:9.0.53]
	at org.apache.catalina.core.ApplicationFilterChain.doFilter(ApplicationFilterChain.java:162) [tomcat-embed-core-9.0.53.jar:9.0.53]
	at org.springframework.security.web.FilterChainProxy$VirtualFilterChain.doFilter(FilterChainProxy.java:327) [spring-security-web-5.5.2.jar:5.5.2]
	at org.springframework.security.web.access.intercept.FilterSecurityInterceptor.invoke(FilterSecurityInterceptor.java:115) [spring-security-web-5.5.2.jar:5.5.2]
	at org.springframework.security.web.access.intercept.FilterSecurityInterceptor.doFilter(FilterSecurityInterceptor.java:81) [spring-security-web-5.5.2.jar:5.5.2]
	at org.springframework.security.web.FilterChainProxy$VirtualFilterChain.doFilter(FilterChainProxy.java:336) [spring-security-web-5.5.2.jar:5.5.2]
	at org.springframework.security.web.access.ExceptionTranslationFilter.doFilter(ExceptionTranslationFilter.java:121) [spring-security-web-5.5.2.jar:5.5.2]
	at org.springframework.security.web.access.ExceptionTranslationFilter.doFilter(ExceptionTranslationFilter.java:115) [spring-security-web-5.5.2.jar:5.5.2]
	at org.springframework.security.web.FilterChainProxy$VirtualFilterChain.doFilter(FilterChainProxy.java:336) [spring-security-web-5.5.2.jar:5.5.2]
	at org.springframework.security.web.session.SessionManagementFilter.doFilter(SessionManagementFilter.java:126) [spring-security-web-5.5.2.jar:5.5.2]
	at org.springframework.security.web.session.SessionManagementFilter.doFilter(SessionManagementFilter.java:81) [spring-security-web-5.5.2.jar:5.5.2]
	at org.springframework.security.web.FilterChainProxy$VirtualFilterChain.doFilter(FilterChainProxy.java:336) [spring-security-web-5.5.2.jar:5.5.2]
	at org.springframework.security.web.authentication.AnonymousAuthenticationFilter.doFilter(AnonymousAuthenticationFilter.java:105) [spring-security-web-5.5.2.jar:5.5.2]
	at org.springframework.security.web.FilterChainProxy$VirtualFilterChain.doFilter(FilterChainProxy.java:336) [spring-security-web-5.5.2.jar:5.5.2]
	at org.springframework.security.web.servletapi.SecurityContextHolderAwareRequestFilter.doFilter(SecurityContextHolderAwareRequestFilter.java:149) [spring-security-web-5.5.2.jar:5.5.2]
	at org.springframework.security.web.FilterChainProxy$VirtualFilterChain.doFilter(FilterChainProxy.java:336) [spring-security-web-5.5.2.jar:5.5.2]
	at org.springframework.security.web.savedrequest.RequestCacheAwareFilter.doFilter(RequestCacheAwareFilter.java:63) [spring-security-web-5.5.2.jar:5.5.2]
	at org.springframework.security.web.FilterChainProxy$VirtualFilterChain.doFilter(FilterChainProxy.java:336) [spring-security-web-5.5.2.jar:5.5.2]
	at com.revature.Micro.filters.JwtRequestFilter.doFilterInternal(JwtRequestFilter.java:66) [classes/:na]
	at org.springframework.web.filter.OncePerRequestFilter.doFilter(OncePerRequestFilter.java:119) [spring-web-5.3.10.jar:5.3.10]
	at org.springframework.security.web.FilterChainProxy$VirtualFilterChain.doFilter(FilterChainProxy.java:336) [spring-security-web-5.5.2.jar:5.5.2]
	at org.springframework.security.web.authentication.logout.LogoutFilter.doFilter(LogoutFilter.java:103) [spring-security-web-5.5.2.jar:5.5.2]
	at org.springframework.security.web.authentication.logout.LogoutFilter.doFilter(LogoutFilter.java:89) [spring-security-web-5.5.2.jar:5.5.2]
	at org.springframework.security.web.FilterChainProxy$VirtualFilterChain.doFilter(FilterChainProxy.java:336) [spring-security-web-5.5.2.jar:5.5.2]
	at org.springframework.web.filter.CorsFilter.doFilterInternal(CorsFilter.java:91) [spring-web-5.3.10.jar:5.3.10]
	at org.springframework.web.filter.OncePerRequestFilter.doFilter(OncePerRequestFilter.java:119) [spring-web-5.3.10.jar:5.3.10]
	at org.springframework.security.web.FilterChainProxy$VirtualFilterChain.doFilter(FilterChainProxy.java:336) [spring-security-web-5.5.2.jar:5.5.2]
	at org.springframework.security.web.header.HeaderWriterFilter.doHeadersAfter(HeaderWriterFilter.java:90) [spring-security-web-5.5.2.jar:5.5.2]
	at org.springframework.security.web.header.HeaderWriterFilter.doFilterInternal(HeaderWriterFilter.java:75) [spring-security-web-5.5.2.jar:5.5.2]
	at org.springframework.web.filter.OncePerRequestFilter.doFilter(OncePerRequestFilter.java:119) [spring-web-5.3.10.jar:5.3.10]
	at org.springframework.security.web.FilterChainProxy$VirtualFilterChain.doFilter(FilterChainProxy.java:336) [spring-security-web-5.5.2.jar:5.5.2]
	at org.springframework.security.web.context.SecurityContextPersistenceFilter.doFilter(SecurityContextPersistenceFilter.java:110) [spring-security-web-5.5.2.jar:5.5.2]
	at org.springframework.security.web.context.SecurityContextPersistenceFilter.doFilter(SecurityContextPersistenceFilter.java:80) [spring-security-web-5.5.2.jar:5.5.2]
	at org.springframework.security.web.FilterChainProxy$VirtualFilterChain.doFilter(FilterChainProxy.java:336) [spring-security-web-5.5.2.jar:5.5.2]
	at org.springframework.security.web.context.request.async.WebAsyncManagerIntegrationFilter.doFilterInternal(WebAsyncManagerIntegrationFilter.java:55) [spring-security-web-5.5.2.jar:5.5.2]
	at org.springframework.web.filter.OncePerRequestFilter.doFilter(OncePerRequestFilter.java:119) [spring-web-5.3.10.jar:5.3.10]
	at org.springframework.security.web.FilterChainProxy$VirtualFilterChain.doFilter(FilterChainProxy.java:336) [spring-security-web-5.5.2.jar:5.5.2]
	at org.springframework.security.web.FilterChainProxy.doFilterInternal(FilterChainProxy.java:211) [spring-security-web-5.5.2.jar:5.5.2]
	at org.springframework.security.web.FilterChainProxy.doFilter(FilterChainProxy.java:183) [spring-security-web-5.5.2.jar:5.5.2]
	at org.springframework.web.filter.DelegatingFilterProxy.invokeDelegate(DelegatingFilterProxy.java:358) [spring-web-5.3.10.jar:5.3.10]
	at org.springframework.web.filter.DelegatingFilterProxy.doFilter(DelegatingFilterProxy.java:271) [spring-web-5.3.10.jar:5.3.10]
	at org.apache.catalina.core.ApplicationFilterChain.internalDoFilter(ApplicationFilterChain.java:189) [tomcat-embed-core-9.0.53.jar:9.0.53]
	at org.apache.catalina.core.ApplicationFilterChain.doFilter(ApplicationFilterChain.java:162) [tomcat-embed-core-9.0.53.jar:9.0.53]
	at org.springframework.web.filter.RequestContextFilter.doFilterInternal(RequestContextFilter.java:100) [spring-web-5.3.10.jar:5.3.10]
	at org.springframework.web.filter.OncePerRequestFilter.doFilter(OncePerRequestFilter.java:119) [spring-web-5.3.10.jar:5.3.10]
	at org.apache.catalina.core.ApplicationFilterChain.internalDoFilter(ApplicationFilterChain.java:189) [tomcat-embed-core-9.0.53.jar:9.0.53]
	at org.apache.catalina.core.ApplicationFilterChain.doFilter(ApplicationFilterChain.java:162) [tomcat-embed-core-9.0.53.jar:9.0.53]
	at org.springframework.web.filter.FormContentFilter.doFilterInternal(FormContentFilter.java:93) [spring-web-5.3.10.jar:5.3.10]
	at org.springframework.web.filter.OncePerRequestFilter.doFilter(OncePerRequestFilter.java:119) [spring-web-5.3.10.jar:5.3.10]
	at org.apache.catalina.core.ApplicationFilterChain.internalDoFilter(ApplicationFilterChain.java:189) [tomcat-embed-core-9.0.53.jar:9.0.53]
	at org.apache.catalina.core.ApplicationFilterChain.doFilter(ApplicationFilterChain.java:162) [tomcat-embed-core-9.0.53.jar:9.0.53]
	at org.springframework.boot.actuate.metrics.web.servlet.WebMvcMetricsFilter.doFilterInternal(WebMvcMetricsFilter.java:96) [spring-boot-actuator-2.5.5.jar:2.5.5]
	at org.springframework.web.filter.OncePerRequestFilter.doFilter(OncePerRequestFilter.java:119) [spring-web-5.3.10.jar:5.3.10]
	at org.apache.catalina.core.ApplicationFilterChain.internalDoFilter(ApplicationFilterChain.java:189) [tomcat-embed-core-9.0.53.jar:9.0.53]
	at org.apache.catalina.core.ApplicationFilterChain.doFilter(ApplicationFilterChain.java:162) [tomcat-embed-core-9.0.53.jar:9.0.53]
	at org.springframework.web.filter.CharacterEncodingFilter.doFilterInternal(CharacterEncodingFilter.java:201) [spring-web-5.3.10.jar:5.3.10]
	at org.springframework.web.filter.OncePerRequestFilter.doFilter(OncePerRequestFilter.java:119) [spring-web-5.3.10.jar:5.3.10]
	at org.apache.catalina.core.ApplicationFilterChain.internalDoFilter(ApplicationFilterChain.java:189) [tomcat-embed-core-9.0.53.jar:9.0.53]
	at org.apache.catalina.core.ApplicationFilterChain.doFilter(ApplicationFilterChain.java:162) [tomcat-embed-core-9.0.53.jar:9.0.53]
	at org.apache.catalina.core.StandardWrapperValve.invoke(StandardWrapperValve.java:197) [tomcat-embed-core-9.0.53.jar:9.0.53]
	at org.apache.catalina.core.StandardContextValve.invoke(StandardContextValve.java:97) [tomcat-embed-core-9.0.53.jar:9.0.53]
	at org.apache.catalina.authenticator.AuthenticatorBase.invoke(AuthenticatorBase.java:540) [tomcat-embed-core-9.0.53.jar:9.0.53]
	at org.apache.catalina.core.StandardHostValve.invoke(StandardHostValve.java:135) [tomcat-embed-core-9.0.53.jar:9.0.53]
	at org.apache.catalina.valves.ErrorReportValve.invoke(ErrorReportValve.java:92) [tomcat-embed-core-9.0.53.jar:9.0.53]
	at org.apache.catalina.core.StandardEngineValve.invoke(StandardEngineValve.java:78) [tomcat-embed-core-9.0.53.jar:9.0.53]
	at org.apache.catalina.connector.CoyoteAdapter.service(CoyoteAdapter.java:357) [tomcat-embed-core-9.0.53.jar:9.0.53]
	at org.apache.coyote.http11.Http11Processor.service(Http11Processor.java:382) [tomcat-embed-core-9.0.53.jar:9.0.53]
	at org.apache.coyote.AbstractProcessorLight.process(AbstractProcessorLight.java:65) [tomcat-embed-core-9.0.53.jar:9.0.53]
	at org.apache.coyote.AbstractProtocol$ConnectionHandler.process(AbstractProtocol.java:893) [tomcat-embed-core-9.0.53.jar:9.0.53]
	at org.apache.tomcat.util.net.NioEndpoint$SocketProcessor.doRun(NioEndpoint.java:1726) [tomcat-embed-core-9.0.53.jar:9.0.53]
	at org.apache.tomcat.util.net.SocketProcessorBase.run(SocketProcessorBase.java:49) [tomcat-embed-core-9.0.53.jar:9.0.53]
	at org.apache.tomcat.util.threads.ThreadPoolExecutor.runWorker(ThreadPoolExecutor.java:1191) [tomcat-embed-core-9.0.53.jar:9.0.53]
	at org.apache.tomcat.util.threads.ThreadPoolExecutor$Worker.run(ThreadPoolExecutor.java:659) [tomcat-embed-core-9.0.53.jar:9.0.53]
	at org.apache.tomcat.util.threads.TaskThread$WrappingRunnable.run(TaskThread.java:61) [tomcat-embed-core-9.0.53.jar:9.0.53]
	at java.lang.Thread.run(Thread.java:748) [na:1.8.0_301]

2021-10-18 19:49:10.759  INFO 29296 --- [http-nio-8082-exec-1] c.r.Micro.controller.UserController      : User attempting to login.
2021-10-18 19:49:10.760  INFO 29296 --- [http-nio-8082-exec-1] com.revature.Micro.service.UserService   : verifying user
2021-10-18 19:49:10.760  INFO 29296 --- [http-nio-8082-exec-1] c.r.M.service.MicroUserDetailsService    : Load user information
2021-10-18 19:49:10.816  INFO 29296 --- [http-nio-8082-exec-1] c.r.M.service.MicroUserDetailsService    : Load user information
2021-10-18 19:49:10.835  INFO 29296 --- [http-nio-8082-exec-2] c.r.M.service.MicroUserDetailsService    : Load user information
2021-10-18 19:49:10.835  INFO 29296 --- [http-nio-8082-exec-6] c.r.M.service.MicroUserDetailsService    : Load user information
2021-10-18 19:49:11.913  INFO 29296 --- [http-nio-8082-exec-5] c.r.M.service.MicroUserDetailsService    : Load user information
2021-10-18 19:49:16.047  INFO 29296 --- [http-nio-8082-exec-7] c.r.M.service.MicroUserDetailsService    : Load user information
2021-10-18 20:05:51.115  INFO 29296 --- [SpringApplicationShutdownHook] j.LocalContainerEntityManagerFactoryBean : Closing JPA EntityManagerFactory for persistence unit 'default'
2021-10-18 20:05:51.118  INFO 29296 --- [SpringApplicationShutdownHook] com.zaxxer.hikari.HikariDataSource       : HikariPool-1 - Shutdown initiated...
2021-10-18 20:05:51.182  INFO 29296 --- [SpringApplicationShutdownHook] com.zaxxer.hikari.HikariDataSource       : HikariPool-1 - Shutdown completed.
